
Collecting usage statistics. To deactivate, set browser.gatherUsageStats to false.


  You can now view your Streamlit app in your browser.

  Local URL: http://localhost:8501
  Network URL: http://10.199.160.55:8501
  External URL: http://182.4.196.117:8501

  For better performance, install the Watchdog module:

  $ xcode-select --install
  $ pip install watchdog
            
2025-10-25 16:31:00.727 Uncaught app execution
Traceback (most recent call last):
  File "/Users/alcohan/.pyenv/versions/3.13.7/lib/python3.13/site-packages/pandas/compat/_optional.py", line 135, in import_optional_dependency
    module = importlib.import_module(name)
  File "/Users/alcohan/.pyenv/versions/3.13.7/lib/python3.13/importlib/__init__.py", line 88, in import_module
    return _bootstrap._gcd_import(name[level:], package, level)
           ~~~~~~~~~~~~~~~~~~~~~~^^^^^^^^^^^^^^^^^^^^^^^^^^^^^^
  File "<frozen importlib._bootstrap>", line 1387, in _gcd_import
  File "<frozen importlib._bootstrap>", line 1360, in _find_and_load
  File "<frozen importlib._bootstrap>", line 1324, in _find_and_load_unlocked
ModuleNotFoundError: No module named 'openpyxl'

During handling of the above exception, another exception occurred:

Traceback (most recent call last):
  File "/Users/alcohan/.pyenv/versions/3.13.7/lib/python3.13/site-packages/streamlit/runtime/scriptrunner/exec_code.py", line 128, in exec_func_with_error_handling
    result = func()
  File "/Users/alcohan/.pyenv/versions/3.13.7/lib/python3.13/site-packages/streamlit/runtime/scriptrunner/script_runner.py", line 669, in code_to_exec
    exec(code, module.__dict__)  # noqa: S102
    ~~~~^^^^^^^^^^^^^^^^^^^^^^^
  File "/Users/alcohan/Downloads/VECKY/PYTHON3/Main.py", line 42, in <module>
    df=get_data_from_excel()
  File "/Users/alcohan/.pyenv/versions/3.13.7/lib/python3.13/site-packages/streamlit/runtime/caching/cache_utils.py", line 227, in __call__
    return self._get_or_create_cached_value(args, kwargs, spinner_message)
           ~~~~~~~~~~~~~~~~~~~~~~~~~~~~~~~~^^^^^^^^^^^^^^^^^^^^^^^^^^^^^^^
  File "/Users/alcohan/.pyenv/versions/3.13.7/lib/python3.13/site-packages/streamlit/runtime/caching/cache_utils.py", line 269, in _get_or_create_cached_value
    return self._handle_cache_miss(cache, value_key, func_args, func_kwargs)
           ~~~~~~~~~~~~~~~~~~~~~~~^^^^^^^^^^^^^^^^^^^^^^^^^^^^^^^^^^^^^^^^^^
  File "/Users/alcohan/.pyenv/versions/3.13.7/lib/python3.13/site-packages/streamlit/runtime/caching/cache_utils.py", line 328, in _handle_cache_miss
    computed_value = self._info.func(*func_args, **func_kwargs)
  File "/Users/alcohan/Downloads/VECKY/PYTHON3/Main.py", line 30, in get_data_from_excel
    df= pd.read_excel(
      io='supermarkt_sales.xlsx',
    ...<4 lines>...
      nrows=1000,
    )
  File "/Users/alcohan/.pyenv/versions/3.13.7/lib/python3.13/site-packages/pandas/io/excel/_base.py", line 495, in read_excel
    io = ExcelFile(
        io,
    ...<2 lines>...
        engine_kwargs=engine_kwargs,
    )
  File "/Users/alcohan/.pyenv/versions/3.13.7/lib/python3.13/site-packages/pandas/io/excel/_base.py", line 1567, in __init__
    self._reader = self._engines[engine](
                   ~~~~~~~~~~~~~~~~~~~~~^
        self._io,
        ^^^^^^^^^
        storage_options=storage_options,
        ^^^^^^^^^^^^^^^^^^^^^^^^^^^^^^^^
        engine_kwargs=engine_kwargs,
        ^^^^^^^^^^^^^^^^^^^^^^^^^^^^
    )
    ^
  File "/Users/alcohan/.pyenv/versions/3.13.7/lib/python3.13/site-packages/pandas/io/excel/_openpyxl.py", line 552, in __init__
    import_optional_dependency("openpyxl")
    ~~~~~~~~~~~~~~~~~~~~~~~~~~^^^^^^^^^^^^
  File "/Users/alcohan/.pyenv/versions/3.13.7/lib/python3.13/site-packages/pandas/compat/_optional.py", line 138, in import_optional_dependency
    raise ImportError(msg)
ImportError: Missing optional dependency 'openpyxl'.  Use pip or conda to install openpyxl.
